
2024-11-11 16:22:46 Apache Commons Daemon procrun stderr initialized.
Nov 11, 2024 4:22:47 PM org.apache.catalina.startup.VersionLoggerListener log
INFO: Server version name:   Apache Tomcat/7.0.103
Nov 11, 2024 4:22:47 PM org.apache.catalina.startup.VersionLoggerListener log
INFO: Server built:          Mar 16 2020 08:34:15 UTC
Nov 11, 2024 4:22:47 PM org.apache.catalina.startup.VersionLoggerListener log
INFO: Server version number: 7.0.103.0
Nov 11, 2024 4:22:47 PM org.apache.catalina.startup.VersionLoggerListener log
INFO: OS Name:               Windows 10
Nov 11, 2024 4:22:47 PM org.apache.catalina.startup.VersionLoggerListener log
INFO: OS Version:            10.0
Nov 11, 2024 4:22:47 PM org.apache.catalina.startup.VersionLoggerListener log
INFO: Architecture:          x86
Nov 11, 2024 4:22:47 PM org.apache.catalina.startup.VersionLoggerListener log
INFO: Java Home:             C:\Program Files (x86)\Java\jre-1.8
Nov 11, 2024 4:22:47 PM org.apache.catalina.startup.VersionLoggerListener log
INFO: JVM Version:           1.8.0_401-b10
Nov 11, 2024 4:22:47 PM org.apache.catalina.startup.VersionLoggerListener log
INFO: JVM Vendor:            Oracle Corporation
Nov 11, 2024 4:22:47 PM org.apache.catalina.startup.VersionLoggerListener log
INFO: CATALINA_BASE:         C:\Program Files (x86)\Apache Software Foundation\Tomcat 7.0
Nov 11, 2024 4:22:47 PM org.apache.catalina.startup.VersionLoggerListener log
INFO: CATALINA_HOME:         C:\Program Files (x86)\Apache Software Foundation\Tomcat 7.0
Nov 11, 2024 4:22:47 PM org.apache.catalina.startup.VersionLoggerListener log
INFO: Command line argument: -Dcatalina.home=C:\Program Files (x86)\Apache Software Foundation\Tomcat 7.0
Nov 11, 2024 4:22:47 PM org.apache.catalina.startup.VersionLoggerListener log
INFO: Command line argument: -Dcatalina.base=C:\Program Files (x86)\Apache Software Foundation\Tomcat 7.0
Nov 11, 2024 4:22:47 PM org.apache.catalina.startup.VersionLoggerListener log
INFO: Command line argument: -Djava.io.tmpdir=C:\Program Files (x86)\Apache Software Foundation\Tomcat 7.0\temp
Nov 11, 2024 4:22:47 PM org.apache.catalina.startup.VersionLoggerListener log
INFO: Command line argument: -Djava.util.logging.manager=org.apache.juli.ClassLoaderLogManager
Nov 11, 2024 4:22:47 PM org.apache.catalina.startup.VersionLoggerListener log
INFO: Command line argument: -Djava.util.logging.config.file=C:\Program Files (x86)\Apache Software Foundation\Tomcat 7.0\conf\logging.properties
Nov 11, 2024 4:22:47 PM org.apache.catalina.startup.VersionLoggerListener log
INFO: Command line argument: exit
Nov 11, 2024 4:22:47 PM org.apache.catalina.startup.VersionLoggerListener log
INFO: Command line argument: abort
Nov 11, 2024 4:22:47 PM org.apache.catalina.startup.VersionLoggerListener log
INFO: Command line argument: -Xms128m
Nov 11, 2024 4:22:47 PM org.apache.catalina.startup.VersionLoggerListener log
INFO: Command line argument: -Xmx256m
Nov 11, 2024 4:22:47 PM org.apache.catalina.core.AprLifecycleListener lifecycleEvent
INFO: The APR based Apache Tomcat Native library which allows optimal performance in production environments was not found on the java.library.path: [C:\Program Files (x86)\Apache Software Foundation\Tomcat 7.0\bin;C:\windows\Sun\Java\bin;C:\windows\system32;C:\windows;C:\Program Files (x86)\Java\jre-1.8\bin;C:\Program Files\Common Files\Oracle\Java\javapath;C:\Program Files (x86)\Common Files\Oracle\Java\javapath;C:\Program Files (x86)\VMware\VMware Workstation\bin\;C:\WINDOWS\system32;C:\WINDOWS;C:\WINDOWS\System32\Wbem;C:\WINDOWS\System32\WindowsPowerShell\v1.0\;C:\WINDOWS\System32\OpenSSH\;C:\Program Files (x86)\NVIDIA Corporation\PhysX\Common;E:\PuTTy\;C:\Program Files (x86)\AOMEI\AOMEI Backupper\7.0.0;C:\Program Files\dotnet\;C:\Program Files\NVIDIA Corporation\NVIDIA NvDLISR;C:\windows\ServiceProfiles\LocalService\AppData\Local\Microsoft\WindowsApps;.]
Nov 11, 2024 4:22:47 PM org.apache.coyote.AbstractProtocol init
INFO: Initializing ProtocolHandler ["http-bio-8080"]
Nov 11, 2024 4:22:47 PM org.apache.catalina.startup.Catalina load
INFO: Initialization processed in 512 ms
Nov 11, 2024 4:22:47 PM org.apache.catalina.core.StandardService startInternal
INFO: Starting service [Catalina]
Nov 11, 2024 4:22:47 PM org.apache.catalina.core.StandardEngine startInternal
INFO: Starting Servlet Engine: Apache Tomcat/7.0.103
Nov 11, 2024 4:22:47 PM org.apache.catalina.startup.HostConfig deployDirectory
INFO: Deploying web application directory [C:\Program Files (x86)\Apache Software Foundation\Tomcat 7.0\webapps\docs]
Nov 11, 2024 4:22:48 PM org.apache.catalina.util.SessionIdGeneratorBase createSecureRandom
WARNING: Creation of SecureRandom instance for session ID generation using [SHA1PRNG] took [303] milliseconds.
Nov 11, 2024 4:22:48 PM org.apache.catalina.startup.HostConfig deployDirectory
INFO: Deployment of web application directory [C:\Program Files (x86)\Apache Software Foundation\Tomcat 7.0\webapps\docs] has finished in [474] ms
Nov 11, 2024 4:22:48 PM org.apache.catalina.startup.HostConfig deployDirectory
INFO: Deploying web application directory [C:\Program Files (x86)\Apache Software Foundation\Tomcat 7.0\webapps\host-manager]
Nov 11, 2024 4:22:48 PM org.apache.catalina.startup.HostConfig deployDirectory
INFO: Deployment of web application directory [C:\Program Files (x86)\Apache Software Foundation\Tomcat 7.0\webapps\host-manager] has finished in [39] ms
Nov 11, 2024 4:22:48 PM org.apache.catalina.startup.HostConfig deployDirectory
INFO: Deploying web application directory [C:\Program Files (x86)\Apache Software Foundation\Tomcat 7.0\webapps\manager]
Nov 11, 2024 4:22:48 PM org.apache.catalina.startup.HostConfig deployDirectory
INFO: Deployment of web application directory [C:\Program Files (x86)\Apache Software Foundation\Tomcat 7.0\webapps\manager] has finished in [34] ms
Nov 11, 2024 4:22:48 PM org.apache.catalina.startup.HostConfig deployDirectory
INFO: Deploying web application directory [C:\Program Files (x86)\Apache Software Foundation\Tomcat 7.0\webapps\ROOT]
Nov 11, 2024 4:22:48 PM org.apache.catalina.startup.HostConfig deployDirectory
INFO: Deployment of web application directory [C:\Program Files (x86)\Apache Software Foundation\Tomcat 7.0\webapps\ROOT] has finished in [36] ms
Nov 11, 2024 4:22:48 PM org.apache.coyote.AbstractProtocol start
INFO: Starting ProtocolHandler ["http-bio-8080"]
Nov 11, 2024 4:22:48 PM org.apache.catalina.startup.Catalina start
INFO: Server startup in 632 ms
Nov 11, 2024 5:11:01 PM org.apache.catalina.startup.HostConfig deployWAR
INFO: Deploying web application archive [C:\Program Files (x86)\Apache Software Foundation\Tomcat 7.0\webapps\altoromutual.war]
Nov 11, 2024 5:11:03 PM org.apache.catalina.startup.TldConfig execute
INFO: At least one JAR was scanned for TLDs yet contained no TLDs. Enable debug logging for this logger for a complete list of JARs that were scanned but no TLDs were found in them. Skipping unneeded JARs during scanning can improve startup time and JSP compilation time.
Nov 11, 2024 5:11:04 PM org.apache.catalina.startup.HostConfig deployWAR
INFO: Deployment of web application archive [C:\Program Files (x86)\Apache Software Foundation\Tomcat 7.0\webapps\altoromutual.war] has finished in [2,821] ms
Nov 14, 2024 3:03:21 PM org.apache.coyote.AbstractProtocol pause
INFO: Pausing ProtocolHandler ["http-bio-8080"]
Nov 14, 2024 3:03:21 PM org.apache.catalina.core.StandardService stopInternal
INFO: Stopping service [Catalina]
Nov 14, 2024 3:03:21 PM org.apache.catalina.loader.WebappClassLoaderBase clearReferencesJdbc
SEVERE: The web application [/altoromutual] registered the JDBC driver [org.apache.derby.jdbc.AutoloadedDriver40] but failed to unregister it when the web application was stopped. To prevent a memory leak, the JDBC Driver has been forcibly unregistered.
Nov 14, 2024 3:03:21 PM org.apache.catalina.loader.WebappClassLoaderBase checkThreadLocalMapForLeaks
SEVERE: The web application [/altoromutual] created a ThreadLocal with key of type [java.lang.ThreadLocal] (value [java.lang.ThreadLocal@f7e62b]) and a value of type [org.apache.derby.iapi.services.context.ContextManager] (value [org.apache.derby.iapi.services.context.ContextManager@18666a3]) but failed to remove it when the web application was stopped. Threads are going to be renewed over time to try and avoid a probable memory leak.
Nov 14, 2024 3:03:21 PM org.apache.catalina.loader.WebappClassLoaderBase checkThreadLocalMapForLeaks
SEVERE: The web application [/altoromutual] created a ThreadLocal with key of type [java.lang.ThreadLocal] (value [java.lang.ThreadLocal@f7e62b]) and a value of type [org.apache.derby.iapi.services.context.ContextManager] (value [org.apache.derby.iapi.services.context.ContextManager@e9c55f]) but failed to remove it when the web application was stopped. Threads are going to be renewed over time to try and avoid a probable memory leak.
Nov 14, 2024 3:03:21 PM org.apache.coyote.AbstractProtocol stop
INFO: Stopping ProtocolHandler ["http-bio-8080"]
Nov 14, 2024 3:03:22 PM org.apache.coyote.AbstractProtocol destroy
INFO: Destroying ProtocolHandler ["http-bio-8080"]
