[2024-11-25 16:40:13] [info]  [32472] Apache Commons Daemon procrun (1.2.2.0 32-bit) started.
[2024-11-25 16:40:13] [info]  [32472] Debugging 'Tomcat7' service...
[2024-11-25 16:40:13] [info]  [32472] Starting service...
[2024-11-25 16:40:14] [info]  [32472] Service started in 1113 milliseconds.
[2024-11-25 16:40:20] [info]  [ 7596] Console CTRL+CLOSE event signaled.
[2024-11-25 16:40:20] [info]  [ 7596] Stopping service...
[2024-11-25 16:40:21] [info]  [ 7596] Service stop thread completed.
[2024-11-25 16:40:25] [info]  [10788] Apache Commons Daemon procrun (1.2.2.0 32-bit) started.
[2024-11-25 16:40:25] [info]  [10788] Debugging 'Tomcat7' service...
[2024-11-25 16:40:25] [info]  [10788] Starting service...
[2024-11-25 16:40:26] [info]  [10788] Service started in 1051 milliseconds.
[2024-11-25 16:44:12] [info]  [19428] Console CTRL+CLOSE event signaled.
[2024-11-25 16:44:12] [info]  [19428] Stopping service...
[2024-11-25 16:44:13] [info]  [19428] Service stop thread completed.
[2024-11-25 16:44:39] [info]  [26632] Apache Commons Daemon procrun (1.2.2.0 32-bit) started.
[2024-11-25 16:44:39] [info]  [26632] Debugging 'Tomcat7' service...
[2024-11-25 16:44:39] [info]  [26632] Starting service...
[2024-11-25 16:44:40] [info]  [26632] Service started in 1062 milliseconds.
[2024-11-25 18:41:27] [info]  [34648] Apache Commons Daemon procrun (1.2.2.0 32-bit) started.
[2024-11-25 18:41:27] [info]  [34648] Debugging 'Tomcat7' service...
[2024-11-25 18:41:27] [info]  [34648] Starting service...
[2024-11-25 18:41:29] [info]  [34648] Service started in 2383 milliseconds.
[2024-11-25 21:07:01] [info]  [26824] Console CTRL+CLOSE event signaled.
[2024-11-25 21:07:01] [info]  [26824] Stopping service...
[2024-11-25 21:07:02] [info]  [26824] Service stop thread completed.
